<?xml version="1.0" encoding="UTF-8"?>
<testng-results ignored="0" total="1" passed="1" failed="0" skipped="0">
  <reporter-output>
  </reporter-output>
  <suite started-at="2025-11-18T18:45:13 IST" name="Default suite" finished-at="2025-11-18T18:45:18 IST" duration-ms="4779">
    <groups>
    </groups>
    <test started-at="2025-11-18T18:45:13 IST" name="Default test" finished-at="2025-11-18T18:45:18 IST" duration-ms="4779">
      <class name="RestapiPractice.Post_1">
        <test-method is-config="true" signature="SpecBuilder()[pri:0, instance:RestapiPractice.Post_1@77f1baf5]" started-at="2025-11-18T18:45:13 IST" name="SpecBuilder" finished-at="2025-11-18T18:45:14 IST" duration-ms="1130" status="PASS">
          <reporter-output>
          </reporter-output>
        </test-method> <!-- SpecBuilder -->
        <test-method signature="Post1()[pri:0, instance:RestapiPractice.Post_1@77f1baf5]" started-at="2025-11-18T18:45:14 IST" name="Post1" finished-at="2025-11-18T18:45:18 IST" duration-ms="3557" status="PASS">
          <reporter-output>
          </reporter-output>
        </test-method> <!-- Post1 -->
      </class> <!-- RestapiPractice.Post_1 -->
    </test> <!-- Default test -->
  </suite> <!-- Default suite -->
</testng-results>
