<?xml version="1.0" encoding="UTF-8"?>
<testng-results ignored="0" total="1" passed="1" failed="0" skipped="0">
  <reporter-output>
  </reporter-output>
  <suite started-at="2025-11-17T23:53:02 IST" name="Default suite" finished-at="2025-11-17T23:53:07 IST" duration-ms="5154">
    <groups>
    </groups>
    <test started-at="2025-11-17T23:53:02 IST" name="Default test" finished-at="2025-11-17T23:53:07 IST" duration-ms="5154">
      <class name="RestapiPractice.Whirpool_PostRequest">
        <test-method signature="Get()[pri:0, instance:RestapiPractice.Whirpool_PostRequest@662ac478]" started-at="2025-11-17T23:53:02 IST" name="Get" finished-at="2025-11-17T23:53:07 IST" duration-ms="5066" status="PASS">
          <reporter-output>
          </reporter-output>
        </test-method> <!-- Get -->
      </class> <!-- RestapiPractice.Whirpool_PostRequest -->
    </test> <!-- Default test -->
  </suite> <!-- Default suite -->
</testng-results>
