<?xml version="1.0" encoding="UTF-8"?>
<!-- Generated by org.testng.reporters.JUnitReportReporter -->
<testsuite hostname="DESKTOP-2QMSO44" failures="0" tests="2" name="RestapiPractice.Resquestspec" time="5.784" errors="0" timestamp="2025-11-10T13:49:52 IST" skipped="0">
  <testcase classname="RestapiPractice.Resquestspec" name="extractuserdetails" time="2.226"/>
  <testcase classname="RestapiPractice.Resquestspec" name="CreateUSer" time="3.558"/>
</testsuite> <!-- RestapiPractice.Resquestspec -->
