<?xml version="1.0" encoding="UTF-8"?>
<!-- Generated by org.testng.reporters.JUnitReportReporter -->
<testsuite hostname="DESKTOP-2QMSO44" failures="0" tests="2" name="RestapiPractice.jsonpathclass" time="5.118" errors="0" timestamp="2025-11-10T22:15:56 IST" skipped="0">
  <testcase classname="RestapiPractice.jsonpathclass" name="jsonpathclassmethod" time="4.775"/>
  <testcase classname="RestapiPractice.jsonpathclass" name="jsonpathclass2" time="0.343"/>
</testsuite> <!-- RestapiPractice.jsonpathclass -->
